Build started 2018/9/26 18:57:27.
     1>Project "E:\leetcode\array\array\array.vcxproj" on node 2 (Build target(s)).
     1>ClCompile:
         D:\Program Files (x86)\Microsoft Visual Studio 11.0\VC\bin\CL.exe /c /ID:\glad\include\KHR /ID:\glad\include\glad /I"D:\glfw-3.2.1.bin.WIN32\include\GLFW" /I"D:\glfw-3.2.1.bin.WIN32\lib-vc2012" /ID:\QT\Qt5.3.0\5.3\msvc2012_opengl\include /ZI /nologo /W3 /WX- /Od /Oy- /D WIN32 /D _DEBUG /D _CONSOLE /D _UNICODE /D UNICODE /Gm /EHsc /RTC1 /MDd /GS /fp:precise /Zc:wchar_t /Zc:forScope /Fo"Debug\\" /Fd"Debug\vc110.pdb" /Gd /TP /analyze- /errorReport:prompt FizzBuzz.cpp MaxIncreasetoKeepCitySkyline.cpp
         MaxIncreasetoKeepCitySkyline.cpp
     1>e:\leetcode\array\array\maxincreasetokeepcityskyline.cpp(9): warning C4018: '<' : signed/unsigned mismatch
     1>e:\leetcode\array\array\maxincreasetokeepcityskyline.cpp(11): error C2039: 'si' : is not a member of 'std::vector<_Ty>'
                 with
                 [
                     _Ty=int
                 ]
     1>e:\leetcode\array\array\maxincreasetokeepcityskyline.cpp(11): error C2143: syntax error : missing ';' before ')'
     1>e:\leetcode\array\array\maxincreasetokeepcityskyline.cpp(13): error C2143: syntax error : missing ';' before '}'
         FizzBuzz.cpp
         Generating Code...
     1>Done Building Project "E:\leetcode\array\array\array.vcxproj" (Build target(s)) -- FAILED.

Build FAILED.

Time Elapsed 00:00:01.83
